Build started 4/16/2015 8:01:15 PM.
     1>Project "M:\Personal Folder - Student\mrzinser\Scanner and Symbol Table\Scanner and Symbol Table\Scanner and Symbol Table.vcxproj" on node 2 (Build target(s)).
     1>Link:
         C:\Program Files (x86)\Microsoft Visual Studio 11.0\VC\bin\link.exe /ERRORREPORT:PROMPT /OUT:"M:\Personal Folder - Student\mrzinser\Scanner and Symbol Table\Debug\Scanner and Symbol Table.exe" /INCREMENTAL /NOLOGO kernel32.lib user32.lib gdi32.lib winspool.lib comdlg32.lib advapi32.lib shell32.lib ole32.lib oleaut32.lib uuid.lib odbc32.lib odbccp32.lib /MANIFEST /MANIFESTUAC:"level='asInvoker' uiAccess='false'" /manifest:embed /DEBUG /PDB:"M:\Personal Folder - Student\mrzinser\Scanner and Symbol Table\Debug\Scanner and Symbol Table.pdb" /SUBSYSTEM:CONSOLE /TLBID:1 /DYNAMICBASE /NXCOMPAT /IMPLIB:"M:\Personal Folder - Student\mrzinser\Scanner and Symbol Table\Debug\Scanner and Symbol Table.lib" /MACHINE:X86 "Debug\Lab 13 Scanner and Symbol Table.obj"
     1>MSVCRTD.lib(crtexe.obj) : error LNK2019: unresolved external symbol _main referenced in function ___tmainCRTStartup
     1>M:\Personal Folder - Student\mrzinser\Scanner and Symbol Table\Debug\Scanner and Symbol Table.exe : fatal error LNK1120: 1 unresolved externals
     1>Done Building Project "M:\Personal Folder - Student\mrzinser\Scanner and Symbol Table\Scanner and Symbol Table\Scanner and Symbol Table.vcxproj" (Build target(s)) -- FAILED.

Build FAILED.

Time Elapsed 00:00:00.56
